# JRE version: OpenJDK Runtime Environment Temurin-21.0.9+10 (21.0.9+10) (build 21.0.9+10-LTS)
# Java VM: OpenJDK 64-Bit Server VM Temurin-21.0.9+10 (21.0.9+10-LTS, mixed mode, sharing, tiered, compressed oops, compressed class ptrs, parallel gc, windows-amd64)
GC Precious Log:
 CardTable entry size: 512
 CPUs: 12 total, 12 available
 Memory: 16016M
 Large Page Support: Disabled
 NUMA Support: Disabled
 Compressed Oops: Enabled (32-bit)
 Alignments: Space 512K, Generation 512K, Heap 2M
 Heap Min Capacity: 100M
 Heap Initial Capacity: 100M
 Heap Max Capacity: 2G
 Pre-touch: Disabled
 Parallel Workers: 10
Heap:
 PSYoungGen      total 18944K, used 12123K [0x00000000d5580000, 0x00000000d7080000, 0x0000000100000000)
  eden space 14336K, 55% used [0x00000000d5580000,0x00000000d5d42e98,0x00000000d6380000)
  from space 4608K, 90% used [0x00000000d6680000,0x00000000d6a93dc0,0x00000000d6b00000)
  to   space 5120K, 0% used [0x00000000d6b80000,0x00000000d6b80000,0x00000000d7080000)
 ParOldGen       total 440320K, used 440195K [0x0000000080000000, 0x000000009ae00000, 0x00000000d5580000)
  object space 440320K, 99% used [0x0000000080000000,0x000000009ade0f50,0x000000009ae00000)
 Metaspace       used 84596K, committed 86208K, reserved 1179648K
  class space    used 8727K, committed 9472K, reserved 1048576K
GC Heap History (20 events):
Event: 343467.309 GC heap before
{Heap before GC invocations=523 (full 4):
 PSYoungGen      total 19456K, used 19440K [0x00000000d5580000, 0x00000000d8c00000, 0x0000000100000000)
  eden space 16896K, 100% used [0x00000000d5580000,0x00000000d6600000,0x00000000d6600000)
  from space 2560K, 99% used [0x00000000d6a80000,0x00000000d6cfc038,0x00000000d6d00000)
  to   space 19456K, 0% used [0x00000000d7900000,0x00000000d7900000,0x00000000d8c00000)
 ParOldGen       total 366080K, used 365787K [0x0000000080000000, 0x0000000096580000, 0x00000000d5580000)
  object space 366080K, 99% used [0x0000000080000000,0x0000000096536f48,0x0000000096580000)
 Metaspace       used 82435K, committed 84032K, reserved 1179648K
  class space    used 8477K, committed 9216K, reserved 1048576K
}
Event: 343467.319 GC heap after
{Heap after GC invocations=523 (full 4):
 PSYoungGen      total 30720K, used 13622K [0x00000000d5580000, 0x00000000d8680000, 0x0000000100000000)
  eden space 16896K, 0% used [0x00000000d5580000,0x00000000d5580000,0x00000000d6600000)
  from space 13824K, 98% used [0x00000000d7900000,0x00000000d864db00,0x00000000d8680000)
  to   space 14848K, 0% used [0x00000000d6980000,0x00000000d6980000,0x00000000d7800000)
 ParOldGen       total 368128K, used 367254K [0x0000000080000000, 0x0000000096780000, 0x00000000d5580000)
  object space 368128K, 99% used [0x0000000080000000,0x00000000966a5818,0x0000000096780000)
 Metaspace       used 82435K, committed 84032K, reserved 1179648K
  class space    used 8477K, committed 9216K, reserved 1048576K
}
Event: 343482.639 GC heap before
{Heap before GC invocations=524 (full 4):
 PSYoungGen      total 30720K, used 30518K [0x00000000d5580000, 0x00000000d8680000, 0x0000000100000000)
  eden space 16896K, 100% used [0x00000000d5580000,0x00000000d6600000,0x00000000d6600000)
  from space 13824K, 98% used [0x00000000d7900000,0x00000000d864db00,0x00000000d8680000)
  to   space 14848K, 0% used [0x00000000d6980000,0x00000000d6980000,0x00000000d7800000)
 ParOldGen       total 368128K, used 367254K [0x0000000080000000, 0x0000000096780000, 0x00000000d5580000)
  object space 368128K, 99% used [0x0000000080000000,0x00000000966a5818,0x0000000096780000)
 Metaspace       used 82633K, committed 84224K, reserved 1179648K
  class space    used 8482K, committed 9216K, reserved 1048576K
}
Event: 343482.649 GC heap after
{Heap after GC invocations=524 (full 4):
 PSYoungGen      total 18432K, used 1488K [0x00000000d5580000, 0x00000000d7980000, 0x0000000100000000)
  eden space 16896K, 0% used [0x00000000d5580000,0x00000000d5580000,0x00000000d6600000)
  from space 1536K, 96% used [0x00000000d6980000,0x00000000d6af4030,0x00000000d6b00000)
  to   space 6144K, 0% used [0x00000000d7380000,0x00000000d7380000,0x00000000d7980000)
 ParOldGen       total 380928K, used 380711K [0x0000000080000000, 0x0000000097400000, 0x00000000d5580000)
  object space 380928K, 99% used [0x0000000080000000,0x00000000973c9f20,0x0000000097400000)
 Metaspace       used 82633K, committed 84224K, reserved 1179648K
  class space    used 8482K, committed 9216K, reserved 1048576K
}
Event: 343483.063 GC heap before
{Heap before GC invocations=525 (full 4):
 PSYoungGen      total 18432K, used 18384K [0x00000000d5580000, 0x00000000d7980000, 0x0000000100000000)
  eden space 16896K, 100% used [0x00000000d5580000,0x00000000d6600000,0x00000000d6600000)
  from space 1536K, 96% used [0x00000000d6980000,0x00000000d6af4030,0x00000000d6b00000)
  to   space 6144K, 0% used [0x00000000d7380000,0x00000000d7380000,0x00000000d7980000)
 ParOldGen       total 380928K, used 380711K [0x0000000080000000, 0x0000000097400000, 0x00000000d5580000)
  object space 380928K, 99% used [0x0000000080000000,0x00000000973c9f20,0x0000000097400000)
 Metaspace       used 83193K, committed 84800K, reserved 1179648K
  class space    used 8553K, committed 9280K, reserved 1048576K
}
Event: 343483.065 GC heap after
{Heap after GC invocations=525 (full 4):
 PSYoungGen      total 18432K, used 1231K [0x00000000d5580000, 0x00000000d7500000, 0x0000000100000000)
  eden space 16896K, 0% used [0x00000000d5580000,0x00000000d5580000,0x00000000d6600000)
  from space 1536K, 80% used [0x00000000d7380000,0x00000000d74b3d38,0x00000000d7500000)
  to   space 2560K, 0% used [0x00000000d7000000,0x00000000d7000000,0x00000000d7280000)
 ParOldGen       total 382464K, used 382020K [0x0000000080000000, 0x0000000097580000, 0x00000000d5580000)
  object space 382464K, 99% used [0x0000000080000000,0x00000000975110a8,0x0000000097580000)
 Metaspace       used 83193K, committed 84800K, reserved 1179648K
  class space    used 8553K, committed 9280K, reserved 1048576K
}
Event: 343483.849 GC heap before
{Heap before GC invocations=526 (full 4):
 PSYoungGen      total 18432K, used 18127K [0x00000000d5580000, 0x00000000d7500000, 0x0000000100000000)
  eden space 16896K, 100% used [0x00000000d5580000,0x00000000d6600000,0x00000000d6600000)
  from space 1536K, 80% used [0x00000000d7380000,0x00000000d74b3d38,0x00000000d7500000)
  to   space 2560K, 0% used [0x00000000d7000000,0x00000000d7000000,0x00000000d7280000)
 ParOldGen       total 382464K, used 382020K [0x0000000080000000, 0x0000000097580000, 0x00000000d5580000)
  object space 382464K, 99% used [0x0000000080000000,0x00000000975110a8,0x0000000097580000)
 Metaspace       used 83324K, committed 84928K, reserved 1179648K
  class space    used 8560K, committed 9280K, reserved 1048576K
}
Event: 343483.852 GC heap after
{Heap after GC invocations=526 (full 4):
 PSYoungGen      total 19456K, used 2543K [0x00000000d5580000, 0x00000000d7400000, 0x0000000100000000)
  eden space 16896K, 0% used [0x00000000d5580000,0x00000000d5580000,0x00000000d6600000)
  from space 2560K, 99% used [0x00000000d7000000,0x00000000d727bda0,0x00000000d7280000)
  to   space 1536K, 0% used [0x00000000d7280000,0x00000000d7280000,0x00000000d7400000)
 ParOldGen       total 383488K, used 383077K [0x0000000080000000, 0x0000000097680000, 0x00000000d5580000)
  object space 383488K, 99% used [0x0000000080000000,0x00000000976197a0,0x0000000097680000)
 Metaspace       used 83324K, committed 84928K, reserved 1179648K
  class space    used 8560K, committed 9280K, reserved 1048576K
}
Event: 343487.583 GC heap before
{Heap before GC invocations=527 (full 4):
 PSYoungGen      total 19456K, used 19439K [0x00000000d5580000, 0x00000000d7400000, 0x0000000100000000)
  eden space 16896K, 100% used [0x00000000d5580000,0x00000000d6600000,0x00000000d6600000)
  from space 2560K, 99% used [0x00000000d7000000,0x00000000d727bda0,0x00000000d7280000)
  to   space 1536K, 0% used [0x00000000d7280000,0x00000000d7280000,0x00000000d7400000)
 ParOldGen       total 383488K, used 383077K [0x0000000080000000, 0x0000000097680000, 0x00000000d5580000)
  object space 383488K, 99% used [0x0000000080000000,0x00000000976197a0,0x0000000097680000)
 Metaspace       used 84024K, committed 85568K, reserved 1179648K
  class space    used 8664K, committed 9344K, reserved 1048576K
}
Event: 343487.585 GC heap after
{Heap after GC invocations=527 (full 4):
 PSYoungGen      total 17408K, used 256K [0x00000000d5580000, 0x00000000d7300000, 0x0000000100000000)
  eden space 16896K, 0% used [0x00000000d5580000,0x00000000d5580000,0x00000000d6600000)
  from space 512K, 50% used [0x00000000d7280000,0x00000000d72c0000,0x00000000d7300000)
  to   space 1536K, 0% used [0x00000000d7000000,0x00000000d7000000,0x00000000d7180000)
 ParOldGen       total 384000K, used 383573K [0x0000000080000000, 0x0000000097700000, 0x00000000d5580000)
  object space 384000K, 99% used [0x0000000080000000,0x00000000976957a0,0x0000000097700000)
 Metaspace       used 84024K, committed 85568K, reserved 1179648K
  class space    used 8664K, committed 9344K, reserved 1048576K
}
Event: 343488.148 GC heap before
{Heap before GC invocations=528 (full 4):
 PSYoungGen      total 17408K, used 17152K [0x00000000d5580000, 0x00000000d7300000, 0x0000000100000000)
  eden space 16896K, 100% used [0x00000000d5580000,0x00000000d6600000,0x00000000d6600000)
  from space 512K, 50% used [0x00000000d7280000,0x00000000d72c0000,0x00000000d7300000)
  to   space 1536K, 0% used [0x00000000d7000000,0x00000000d7000000,0x00000000d7180000)
 ParOldGen       total 384000K, used 383573K [0x0000000080000000, 0x0000000097700000, 0x00000000d5580000)
  object space 384000K, 99% used [0x0000000080000000,0x00000000976957a0,0x0000000097700000)
 Metaspace       used 84234K, committed 85760K, reserved 1179648K
  class space    used 8695K, committed 9408K, reserved 1048576K
}
Event: 343488.152 GC heap after
{Heap after GC invocations=528 (full 4):
 PSYoungGen      total 18432K, used 1521K [0x00000000d5580000, 0x00000000d7700000, 0x0000000100000000)
  eden space 16896K, 0% used [0x00000000d5580000,0x00000000d5580000,0x00000000d6600000)
  from space 1536K, 99% used [0x00000000d7000000,0x00000000d717c770,0x00000000d7180000)
  to   space 5632K, 0% used [0x00000000d7180000,0x00000000d7180000,0x00000000d7700000)
 ParOldGen       total 389120K, used 389068K [0x0000000080000000, 0x0000000097c00000, 0x00000000d5580000)
  object space 389120K, 99% used [0x0000000080000000,0x0000000097bf3070,0x0000000097c00000)
 Metaspace       used 84234K, committed 85760K, reserved 1179648K
  class space    used 8695K, committed 9408K, reserved 1048576K
}
Event: 343488.232 GC heap before
{Heap before GC invocations=529 (full 4):
 PSYoungGen      total 18432K, used 18417K [0x00000000d5580000, 0x00000000d7700000, 0x0000000100000000)
  eden space 16896K, 100% used [0x00000000d5580000,0x00000000d6600000,0x00000000d6600000)
  from space 1536K, 99% used [0x00000000d7000000,0x00000000d717c770,0x00000000d7180000)
  to   space 5632K, 0% used [0x00000000d7180000,0x00000000d7180000,0x00000000d7700000)
 ParOldGen       total 389120K, used 389068K [0x0000000080000000, 0x0000000097c00000, 0x00000000d5580000)
  object space 389120K, 99% used [0x0000000080000000,0x0000000097bf3070,0x0000000097c00000)
 Metaspace       used 84260K, committed 85824K, reserved 1179648K
  class space    used 8695K, committed 9408K, reserved 1048576K
}
Event: 343488.239 GC heap after
{Heap after GC invocations=529 (full 4):
 PSYoungGen      total 19968K, used 5616K [0x00000000d5580000, 0x00000000d8200000, 0x0000000100000000)
  eden space 14336K, 0% used [0x00000000d5580000,0x00000000d5580000,0x00000000d6380000)
  from space 5632K, 99% used [0x00000000d7180000,0x00000000d76fc010,0x00000000d7700000)
  to   space 14336K, 0% used [0x00000000d6380000,0x00000000d6380000,0x00000000d7180000)
 ParOldGen       total 396800K, used 396430K [0x0000000080000000, 0x0000000098380000, 0x00000000d5580000)
  object space 396800K, 99% used [0x0000000080000000,0x0000000098323bc8,0x0000000098380000)
 Metaspace       used 84260K, committed 85824K, reserved 1179648K
  class space    used 8695K, committed 9408K, reserved 1048576K
}
Event: 343488.285 GC heap before
{Heap before GC invocations=530 (full 4):
 PSYoungGen      total 19968K, used 19782K [0x00000000d5580000, 0x00000000d8200000, 0x0000000100000000)
  eden space 14336K, 98% used [0x00000000d5580000,0x00000000d6355ac0,0x00000000d6380000)
  from space 5632K, 99% used [0x00000000d7180000,0x00000000d76fc010,0x00000000d7700000)
  to   space 14336K, 0% used [0x00000000d6380000,0x00000000d6380000,0x00000000d7180000)
 ParOldGen       total 396800K, used 396430K [0x0000000080000000, 0x0000000098380000, 0x00000000d5580000)
  object space 396800K, 99% used [0x0000000080000000,0x0000000098323bc8,0x0000000098380000)
 Metaspace       used 84263K, committed 85824K, reserved 1179648K
  class space    used 8695K, committed 9408K, reserved 1048576K
}
Event: 343488.289 GC heap after
{Heap after GC invocations=530 (full 4):
 PSYoungGen      total 26624K, used 12220K [0x00000000d5580000, 0x00000000d7c80000, 0x0000000100000000)
  eden space 14336K, 0% used [0x00000000d5580000,0x00000000d5580000,0x00000000d6380000)
  from space 12288K, 99% used [0x00000000d6380000,0x00000000d6f6f188,0x00000000d6f80000)
  to   space 12800K, 0% used [0x00000000d7000000,0x00000000d7000000,0x00000000d7c80000)
 ParOldGen       total 397824K, used 397766K [0x0000000080000000, 0x0000000098480000, 0x00000000d5580000)
  object space 397824K, 99% used [0x0000000080000000,0x0000000098471bd8,0x0000000098480000)
 Metaspace       used 84263K, committed 85824K, reserved 1179648K
  class space    used 8695K, committed 9408K, reserved 1048576K
}
Event: 344569.158 GC heap before
{Heap before GC invocations=531 (full 4):
 PSYoungGen      total 26624K, used 26556K [0x00000000d5580000, 0x00000000d7c80000, 0x0000000100000000)
  eden space 14336K, 100% used [0x00000000d5580000,0x00000000d6380000,0x00000000d6380000)
  from space 12288K, 99% used [0x00000000d6380000,0x00000000d6f6f188,0x00000000d6f80000)
  to   space 12800K, 0% used [0x00000000d7000000,0x00000000d7000000,0x00000000d7c80000)
 ParOldGen       total 429568K, used 428487K [0x0000000080000000, 0x000000009a380000, 0x00000000d5580000)
  object space 429568K, 99% used [0x0000000080000000,0x000000009a271c08,0x000000009a380000)
 Metaspace       used 84428K, committed 86016K, reserved 1179648K
  class space    used 8711K, committed 9408K, reserved 1048576K
}
Event: 344569.242 GC heap after
{Heap after GC invocations=531 (full 4):
 PSYoungGen      total 15872K, used 1312K [0x00000000d5580000, 0x00000000d7180000, 0x0000000100000000)
  eden space 14336K, 0% used [0x00000000d5580000,0x00000000d5580000,0x00000000d6380000)
  from space 1536K, 85% used [0x00000000d7000000,0x00000000d7148020,0x00000000d7180000)
  to   space 5632K, 0% used [0x00000000d6680000,0x00000000d6680000,0x00000000d6c00000)
 ParOldGen       total 439296K, used 439192K [0x0000000080000000, 0x000000009ad00000, 0x00000000d5580000)
  object space 439296K, 99% used [0x0000000080000000,0x000000009ace6378,0x000000009ad00000)
 Metaspace       used 84428K, committed 86016K, reserved 1179648K
  class space    used 8711K, committed 9408K, reserved 1048576K
}
Event: 358518.689 GC heap before
{Heap before GC invocations=532 (full 4):
 PSYoungGen      total 15872K, used 15648K [0x00000000d5580000, 0x00000000d7180000, 0x0000000100000000)
  eden space 14336K, 100% used [0x00000000d5580000,0x00000000d6380000,0x00000000d6380000)
  from space 1536K, 85% used [0x00000000d7000000,0x00000000d7148020,0x00000000d7180000)
  to   space 5632K, 0% used [0x00000000d6680000,0x00000000d6680000,0x00000000d6c00000)
 ParOldGen       total 439296K, used 439192K [0x0000000080000000, 0x000000009ad00000, 0x00000000d5580000)
  object space 439296K, 99% used [0x0000000080000000,0x000000009ace6378,0x000000009ad00000)
 Metaspace       used 84507K, committed 86144K, reserved 1179648K
  class space    used 8718K, committed 9472K, reserved 1048576K
}
Event: 358518.755 GC heap after
{Heap after GC invocations=532 (full 4):
 PSYoungGen      total 18944K, used 4175K [0x00000000d5580000, 0x00000000d7080000, 0x0000000100000000)
  eden space 14336K, 0% used [0x00000000d5580000,0x00000000d5580000,0x00000000d6380000)
  from space 4608K, 90% used [0x00000000d6680000,0x00000000d6a93dc0,0x00000000d6b00000)
  to   space 5120K, 0% used [0x00000000d6b80000,0x00000000d6b80000,0x00000000d7080000)
 ParOldGen       total 440320K, used 440195K [0x0000000080000000, 0x000000009ae00000, 0x00000000d5580000)
  object space 440320K, 99% used [0x0000000080000000,0x000000009ade0f50,0x000000009ae00000)
 Metaspace       used 84507K, committed 86144K, reserved 1179648K
  class space    used 8718K, committed 9472K, reserved 1048576K
}

